#
# There is insufficient memory for the Java Runtime Environment to continue.
# Native memory allocation (mmap) failed to map 189792256 bytes for committing reserved memory.
# Possible reasons:
#   The system is out of physical RAM or swap space
#   In 32 bit mode, the process size limit was hit
# Possible solutions:
#   Reduce memory load on the system
#   Increase physical memory or swap space
#   Check if swap backing store is full
#   Use 64 bit Java on a 64 bit OS
#   Decrease Java heap size (-Xmx/-Xms)
#   Decrease number of Java threads
#   Decrease Java thread stack sizes (-Xss)
#   Set larger code cache with -XX:ReservedCodeCacheSize=
# This output file may be truncated or incomplete.
#
#  Out of Memory Error (os_linux.cpp:2746), pid=4049, tid=0x00007f02390cd700
#
# JRE version: OpenJDK Runtime Environment (8.0_191-b12) (build 1.8.0_191-8u191-b12-0ubuntu0.18.04.1-b12)
# Java VM: OpenJDK 64-Bit Server VM (25.191-b12 mixed mode linux-amd64 compressed oops)
# Failed to write core dump. Core dumps have been disabled. To enable core dumping, try "ulimit -c unlimited" before starting Java again
#

---------------  T H R E A D  ---------------

Current thread (0x00007f025007e000):  VMThread [stack: 0x00007f0238fce000,0x00007f02390ce000] [id=4060]

Stack: [0x00007f0238fce000,0x00007f02390ce000],  sp=0x00007f02390cc440,  free space=1017k
Native frames: (J=compiled Java code, j=interpreted, Vv=VM code, C=native code)
V  [libjvm.so+0xab2512]
V  [libjvm.so+0x4d9e97]
V  [libjvm.so+0x8ed690]
V  [libjvm.so+0x8e47be]
V  [libjvm.so+0x968516]
V  [libjvm.so+0x95718a]
V  [libjvm.so+0x957358]
V  [libjvm.so+0x957f60]
V  [libjvm.so+0x95e2fc]
V  [libjvm.so+0x9663e5]
V  [libjvm.so+0x914a58]
V  [libjvm.so+0xab41d2]
V  [libjvm.so+0xab8d96]
V  [libjvm.so+0xab7035]
V  [libjvm.so+0xab79ad]
V  [libjvm.so+0xab7d87]
V  [libjvm.so+0x8eaa42]

VM_Operation (0x00007f0257d3b3a0): ParallelGCFailedAllocation, mode: safepoint, requested by thread 0x00007f0250010000


---------------  P R O C E S S  ---------------

Java Threads: ( => current thread )
  0x00007f0250b2f000 JavaThread "MultiThreadedHttpConnectionManager cleanup" daemon [_thread_blocked, id=4069, stack(0x00007f0232cc0000,0x00007f0232dc1000)]
  0x00007f02500ce800 JavaThread "Service Thread" daemon [_thread_blocked, id=4067, stack(0x00007f0233cfd000,0x00007f0233dfe000)]
  0x00007f02500c3800 JavaThread "C1 CompilerThread2" daemon [_thread_blocked, id=4066, stack(0x00007f0233dff000,0x00007f0233eff000)]
  0x00007f02500c1800 JavaThread "C2 CompilerThread1" daemon [_thread_blocked, id=4065, stack(0x00007f0233f00000,0x00007f0234000000)]
  0x00007f02500bf000 JavaThread "C2 CompilerThread0" daemon [_thread_blocked, id=4064, stack(0x00007f023807a000,0x00007f023817a000)]
  0x00007f02500bd000 JavaThread "Signal Dispatcher" daemon [_thread_blocked, id=4063, stack(0x00007f023817a000,0x00007f023827b000)]
  0x00007f025008a000 JavaThread "Finalizer" daemon [_thread_blocked, id=4062, stack(0x00007f0238dcb000,0x00007f0238ecc000)]
  0x00007f0250087800 JavaThread "Reference Handler" daemon [_thread_blocked, id=4061, stack(0x00007f0238ecc000,0x00007f0238fcd000)]
  0x00007f0250010000 JavaThread "main" [_thread_blocked, id=4055, stack(0x00007f0257c3d000,0x00007f0257d3d000)]

Other Threads:
=>0x00007f025007e000 VMThread [stack: 0x00007f0238fce000,0x00007f02390ce000] [id=4060]
  0x00007f02500d1000 WatcherThread [stack: 0x00007f0233bfd000,0x00007f0233cfd000] [id=4068]

VM state:at safepoint (normal execution)

VM Mutex/Monitor currently owned by a thread:  ([mutex/lock_event])
[0x00007f025000c310] ExpandHeap_lock - owner thread: 0x00007f025007e000
[0x00007f025000c990] Threads_lock - owner thread: 0x00007f025007e000
[0x00007f025000ce90] Heap_lock - owner thread: 0x00007f0250010000

Heap:
 PSYoungGen      total 184832K, used 66975K [0x00000000ec200000, 0x0000000100000000, 0x0000000100000000)
  eden space 108544K, 0% used [0x00000000ec200000,0x00000000ec200000,0x00000000f2c00000)
  from space 76288K, 87% used [0x00000000fb580000,0x00000000ff6e7e88,0x0000000100000000)
  to   space 108544K, 0% used [0x00000000f2c00000,0x00000000f2c00000,0x00000000f9600000)
 ParOldGen       total 417792K, used 417399K [0x00000000c4600000, 0x00000000dde00000, 0x00000000ec200000)
  object space 417792K, 99% used [0x00000000c4600000,0x00000000ddd9df90,0x00000000dde00000)
 Metaspace       used 16028K, capacity 16262K, committed 16640K, reserved 1064960K
  class space    used 1918K, capacity 1984K, committed 2048K, reserved 1048576K

Card table byte_map: [0x00007f0240e22000,0x00007f0241000000] byte_map_base: 0x00007f02407ff000

Marking Bits: (ParMarkBitMap*) 0x00007f0256ed0340
 Begin Bits: [0x00007f023a230000, 0x00007f023b118000)
 End Bits:   [0x00007f023b118000, 0x00007f023c000000)

Polling page: 0x00007f0257d51000

CodeCache: size=245760Kb used=11009Kb max_used=11106Kb free=234750Kb
 bounds [0x00007f0241000000, 0x00007f0241bc0000, 0x00007f0250000000]
 total_blobs=2851 nmethods=2497 adapters=268
 compilation: enabled

Compilation events (10 events):
Event: 578,478 Thread 0x00007f02500bf000 3331       4       org.eclipse.rdf4j.model.util.URIUtil::getLocalNameIndex (64 bytes)
Event: 578,480 Thread 0x00007f02500bf000 nmethod 3331 0x00007f0241283650 code [0x00007f02412837a0, 0x00007f0241283918]
Event: 628,348 Thread 0x00007f02500c3800 3332   !   3       com.franz.agraph.repository.AGRepositoryConnection::add (87 bytes)
Event: 628,349 Thread 0x00007f02500c3800 nmethod 3332 0x00007f0241829850 code [0x00007f0241829b60, 0x00007f024182b058]
Event: 628,399 Thread 0x00007f02500c1800 3333 % !   4       com.franz.agraph.repository.AGRepositoryConnection::add @ 20 (87 bytes)
Event: 628,411 Thread 0x00007f02500c1800 nmethod 3333% 0x00007f024167ed90 code [0x00007f024167ef80, 0x00007f024167fb88]
Event: 628,415 Thread 0x00007f02500bf000 3334   !   4       com.franz.agraph.repository.AGRepositoryConnection::add (87 bytes)
Event: 628,432 Thread 0x00007f02500bf000 nmethod 3334 0x00007f02419aca90 code [0x00007f02419accc0, 0x00007f02419ad988]
Event: 628,533 Thread 0x00007f02500c1800 3335       4       org.eclipse.rdf4j.rio.ntriples.NTriplesUtil::toHexString (59 bytes)
Event: 629,385 Thread 0x00007f02500c1800 nmethod 3335 0x00007f024155ad50 code [0x00007f024155af20, 0x00007f024155bea8]

GC Heap History (10 events):
Event: 629,279 GC heap after
Heap after GC invocations=990 (full 6):
 PSYoungGen      total 262656K, used 4069K [0x00000000ec200000, 0x0000000100000000, 0x0000000100000000)
  eden space 253952K, 0% used [0x00000000ec200000,0x00000000ec200000,0x00000000fba00000)
  from space 8704K, 46% used [0x00000000ff780000,0x00000000ffb79788,0x0000000100000000)
  to   space 35840K, 0% used [0x00000000fba00000,0x00000000fba00000,0x00000000fdd00000)
 ParOldGen       total 417792K, used 276447K [0x00000000c4600000, 0x00000000dde00000, 0x00000000ec200000)
  object space 417792K, 66% used [0x00000000c4600000,0x00000000d53f7e00,0x00000000dde00000)
 Metaspace       used 16028K, capacity 16262K, committed 16640K, reserved 1064960K
  class space    used 1918K, capacity 1984K, committed 2048K, reserved 1048576K
}
Event: 629,396 GC heap before
{Heap before GC invocations=991 (full 6):
 PSYoungGen      total 262656K, used 258021K [0x00000000ec200000, 0x0000000100000000, 0x0000000100000000)
  eden space 253952K, 100% used [0x00000000ec200000,0x00000000fba00000,0x00000000fba00000)
  from space 8704K, 46% used [0x00000000ff780000,0x00000000ffb79788,0x0000000100000000)
  to   space 35840K, 0% used [0x00000000fba00000,0x00000000fba00000,0x00000000fdd00000)
 ParOldGen       total 417792K, used 276447K [0x00000000c4600000, 0x00000000dde00000, 0x00000000ec200000)
  object space 417792K, 66% used [0x00000000c4600000,0x00000000d53f7e00,0x00000000dde00000)
 Metaspace       used 16028K, capacity 16262K, committed 16640K, reserved 1064960K
  class space    used 1918K, capacity 1984K, committed 2048K, reserved 1048576K
Event: 629,474 GC heap after
Heap after GC invocations=991 (full 6):
 PSYoungGen      total 289792K, used 35838K [0x00000000ec200000, 0x0000000100000000, 0x0000000100000000)
  eden space 253952K, 0% used [0x00000000ec200000,0x00000000ec200000,0x00000000fba00000)
  from space 35840K, 99% used [0x00000000fba00000,0x00000000fdcffb58,0x00000000fdd00000)
  to   space 35840K, 0% used [0x00000000fdd00000,0x00000000fdd00000,0x0000000100000000)
 ParOldGen       total 417792K, used 301759K [0x00000000c4600000, 0x00000000dde00000, 0x00000000ec200000)
  object space 417792K, 72% used [0x00000000c4600000,0x00000000d6cafe00,0x00000000dde00000)
 Metaspace       used 16028K, capacity 16262K, committed 16640K, reserved 1064960K
  class space    used 1918K, capacity 1984K, committed 2048K, reserved 1048576K
}
Event: 629,599 GC heap before
{Heap before GC invocations=992 (full 6):
 PSYoungGen      total 289792K, used 289790K [0x00000000ec200000, 0x0000000100000000, 0x0000000100000000)
  eden space 253952K, 100% used [0x00000000ec200000,0x00000000fba00000,0x00000000fba00000)
  from space 35840K, 99% used [0x00000000fba00000,0x00000000fdcffb58,0x00000000fdd00000)
  to   space 35840K, 0% used [0x00000000fdd00000,0x00000000fdd00000,0x0000000100000000)
 ParOldGen       total 417792K, used 301759K [0x00000000c4600000, 0x00000000dde00000, 0x00000000ec200000)
  object space 417792K, 72% used [0x00000000c4600000,0x00000000d6cafe00,0x00000000dde00000)
 Metaspace       used 16028K, capacity 16262K, committed 16640K, reserved 1064960K
  class space    used 1918K, capacity 1984K, committed 2048K, reserved 1048576K
Event: 629,687 GC heap after
Heap after GC invocations=992 (full 6):
 PSYoungGen      total 208896K, used 35838K [0x00000000ec200000, 0x0000000100000000, 0x0000000100000000)
  eden space 173056K, 0% used [0x00000000ec200000,0x00000000ec200000,0x00000000f6b00000)
  from space 35840K, 99% used [0x00000000fdd00000,0x00000000fffff8f8,0x0000000100000000)
  to   space 76288K, 0% used [0x00000000f6b00000,0x00000000f6b00000,0x00000000fb580000)
 ParOldGen       total 417792K, used 362999K [0x00000000c4600000, 0x00000000dde00000, 0x00000000ec200000)
  object space 417792K, 86% used [0x00000000c4600000,0x00000000da87de00,0x00000000dde00000)
 Metaspace       used 16028K, capacity 16262K, committed 16640K, reserved 1064960K
  class space    used 1918K, capacity 1984K, committed 2048K, reserved 1048576K
}
Event: 629,796 GC heap before
{Heap before GC invocations=993 (full 6):
 PSYoungGen      total 208896K, used 208894K [0x00000000ec200000, 0x0000000100000000, 0x0000000100000000)
  eden space 173056K, 100% used [0x00000000ec200000,0x00000000f6b00000,0x00000000f6b00000)
  from space 35840K, 99% used [0x00000000fdd00000,0x00000000fffff8f8,0x0000000100000000)
  to   space 76288K, 0% used [0x00000000f6b00000,0x00000000f6b00000,0x00000000fb580000)
 ParOldGen       total 417792K, used 362999K [0x00000000c4600000, 0x00000000dde00000, 0x00000000ec200000)
  object space 417792K, 86% used [0x00000000c4600000,0x00000000da87de00,0x00000000dde00000)
 Metaspace       used 16028K, capacity 16262K, committed 16640K, reserved 1064960K
  class space    used 1918K, capacity 1984K, committed 2048K, reserved 1048576K
Event: 629,849 GC heap after
Heap after GC invocations=993 (full 6):
 PSYoungGen      total 249344K, used 76285K [0x00000000ec200000, 0x0000000100000000, 0x0000000100000000)
  eden space 173056K, 0% used [0x00000000ec200000,0x00000000ec200000,0x00000000f6b00000)
  from space 76288K, 99% used [0x00000000f6b00000,0x00000000fb57f568,0x00000000fb580000)
  to   space 76288K, 0% used [0x00000000fb580000,0x00000000fb580000,0x0000000100000000)
 ParOldGen       total 417792K, used 365471K [0x00000000c4600000, 0x00000000dde00000, 0x00000000ec200000)
  object space 417792K, 87% used [0x00000000c4600000,0x00000000daae7e00,0x00000000dde00000)
 Metaspace       used 16028K, capacity 16262K, committed 16640K, reserved 1064960K
  class space    used 1918K, capacity 1984K, committed 2048K, reserved 1048576K
}
Event: 629,971 GC heap before
{Heap before GC invocations=994 (full 6):
 PSYoungGen      total 249344K, used 248174K [0x00000000ec200000, 0x0000000100000000, 0x0000000100000000)
  eden space 173056K, 99% used [0x00000000ec200000,0x00000000f69dc2f0,0x00000000f6b00000)
  from space 76288K, 99% used [0x00000000f6b00000,0x00000000fb57f568,0x00000000fb580000)
  to   space 76288K, 0% used [0x00000000fb580000,0x00000000fb580000,0x0000000100000000)
 ParOldGen       total 417792K, used 365471K [0x00000000c4600000, 0x00000000dde00000, 0x00000000ec200000)
  object space 417792K, 87% used [0x00000000c4600000,0x00000000daae7e00,0x00000000dde00000)
 Metaspace       used 16028K, capacity 16262K, committed 16640K, reserved 1064960K
  class space    used 1918K, capacity 1984K, committed 2048K, reserved 1048576K
Event: 630,085 GC heap after
Heap after GC invocations=994 (full 6):
 PSYoungGen      total 184832K, used 76285K [0x00000000ec200000, 0x0000000100000000, 0x0000000100000000)
  eden space 108544K, 0% used [0x00000000ec200000,0x00000000ec200000,0x00000000f2c00000)
  from space 76288K, 99% used [0x00000000fb580000,0x00000000fffff578,0x0000000100000000)
  to   space 108544K, 0% used [0x00000000f2c00000,0x00000000f2c00000,0x00000000f9600000)
 ParOldGen       total 417792K, used 408999K [0x00000000c4600000, 0x00000000dde00000, 0x00000000ec200000)
  object space 417792K, 97% used [0x00000000c4600000,0x00000000dd569e00,0x00000000dde00000)
 Metaspace       used 16028K, capacity 16262K, committed 16640K, reserved 1064960K
  class space    used 1918K, capacity 1984K, committed 2048K, reserved 1048576K
}
Event: 630,085 GC heap before
{Heap before GC invocations=995 (full 7):
 PSYoungGen      total 184832K, used 76285K [0x00000000ec200000, 0x0000000100000000, 0x0000000100000000)
  eden space 108544K, 0% used [0x00000000ec200000,0x00000000ec200000,0x00000000f2c00000)
  from space 76288K, 99% used [0x00000000fb580000,0x00000000fffff578,0x0000000100000000)
  to   space 108544K, 0% used [0x00000000f2c00000,0x00000000f2c00000,0x00000000f9600000)
 ParOldGen       total 417792K, used 408999K [0x00000000c4600000, 0x00000000dde00000, 0x00000000ec200000)
  object space 417792K, 97% used [0x00000000c4600000,0x00000000dd569e00,0x00000000dde00000)
 Metaspace       used 16028K, capacity 16262K, committed 16640K, reserved 1064960K
  class space    used 1918K, capacity 1984K, committed 2048K, reserved 1048576K

Deoptimization events (10 events):
Event: 77,843 Thread 0x00007f0250010000 Uncommon trap: reason=class_check action=maybe_recompile pc=0x00007f02414c9aac method=org.apache.commons.httpclient.HttpMethodDirector.isRedirectNeeded(Lorg/apache/commons/httpclient/HttpMethod;)Z @ 1
Event: 77,843 Thread 0x00007f0250010000 Uncommon trap: reason=class_check action=maybe_recompile pc=0x00007f024112b29c method=org.apache.commons.httpclient.HttpMethodDirector.isAuthenticationNeeded(Lorg/apache/commons/httpclient/HttpMethod;)Z @ 1
Event: 77,843 Thread 0x00007f0250010000 Uncommon trap: reason=class_check action=maybe_recompile pc=0x00007f02416dd338 method=com.franz.agraph.http.AGHTTPClient.setDoAuthentication(Lorg/apache/commons/httpclient/HttpMethod;)V @ 26
Event: 77,843 Thread 0x00007f0250010000 Uncommon trap: reason=class_check action=maybe_recompile pc=0x00007f0241b1b784 method=org.apache.commons.httpclient.HttpMethodDirector.executeMethod(Lorg/apache/commons/httpclient/HttpMethod;)V @ 29
Event: 77,843 Thread 0x00007f0250010000 Uncommon trap: reason=class_check action=maybe_recompile pc=0x00007f02413d9180 method=org.apache.commons.httpclient.HttpMethodDirector.applyConnectionParams(Lorg/apache/commons/httpclient/HttpMethod;)V @ 3
Event: 77,843 Thread 0x00007f0250010000 Uncommon trap: reason=class_check action=maybe_recompile pc=0x00007f0241a588f0 method=org.apache.commons.httpclient.HttpMethodBase.writeRequestHeaders(Lorg/apache/commons/httpclient/HttpState;Lorg/apache/commons/httpclient/HttpConnection;)V @ 14
Event: 77,931 Thread 0x00007f0250010000 Uncommon trap: reason=class_check action=maybe_recompile pc=0x00007f02414c9aac method=org.apache.commons.httpclient.HttpMethodDirector.isRedirectNeeded(Lorg/apache/commons/httpclient/HttpMethod;)Z @ 1
Event: 77,931 Thread 0x00007f0250010000 Uncommon trap: reason=class_check action=maybe_recompile pc=0x00007f024112b29c method=org.apache.commons.httpclient.HttpMethodDirector.isAuthenticationNeeded(Lorg/apache/commons/httpclient/HttpMethod;)Z @ 1
Event: 81,838 Thread 0x00007f0250b2f000 Uncommon trap: reason=class_check action=maybe_recompile pc=0x00007f024151cd30 method=java.util.HashMap.removeNode(ILjava/lang/Object;Ljava/lang/Object;ZZ)Ljava/util/HashMap$Node; @ 68
Event: 629,945 Thread 0x00007f0250010000 Uncommon trap: reason=unstable_if action=reinterpret pc=0x00007f024167f8f0 method=com.franz.agraph.repository.AGRepositoryConnection.add(Ljava/lang/Iterable;[Lorg/eclipse/rdf4j/model/Resource;)V @ 27

Classes redefined (0 events):
No events

Internal exceptions (10 events):
Event: 1,088 Thread 0x00007f0250010000 Exception <a 'java/security/PrivilegedActionException'> (0x00000000ec607b18) thrown at [/build/openjdk-8-rxFzfV/openjdk-8-8u191-b12/src/hotspot/src/share/vm/prims/jvm.cpp, line 1435]
Event: 1,088 Thread 0x00007f0250010000 Exception <a 'java/security/PrivilegedActionException'> (0x00000000ec607d28) thrown at [/build/openjdk-8-rxFzfV/openjdk-8-8u191-b12/src/hotspot/src/share/vm/prims/jvm.cpp, line 1435]
Event: 1,088 Thread 0x00007f0250010000 Exception <a 'java/security/PrivilegedActionException'> (0x00000000ec6089e8) thrown at [/build/openjdk-8-rxFzfV/openjdk-8-8u191-b12/src/hotspot/src/share/vm/prims/jvm.cpp, line 1435]
Event: 1,088 Thread 0x00007f0250010000 Exception <a 'java/security/PrivilegedActionException'> (0x00000000ec608bf8) thrown at [/build/openjdk-8-rxFzfV/openjdk-8-8u191-b12/src/hotspot/src/share/vm/prims/jvm.cpp, line 1435]
Event: 6,925 Thread 0x00007f0250010000 Exception <a 'java/net/SocketTimeoutException': Read timed out> (0x00000000eecf4700) thrown at [/build/openjdk-8-rxFzfV/openjdk-8-8u191-b12/src/hotspot/src/share/vm/prims/jni.cpp, line 735]
Event: 7,465 Thread 0x00007f0250010000 Exception <a 'java/net/SocketTimeoutException': Read timed out> (0x00000000eee0cde8) thrown at [/build/openjdk-8-rxFzfV/openjdk-8-8u191-b12/src/hotspot/src/share/vm/prims/jni.cpp, line 735]
Event: 7,484 Thread 0x00007f0250010000 Exception <a 'java/net/SocketTimeoutException': Read timed out> (0x00000000eeef7788) thrown at [/build/openjdk-8-rxFzfV/openjdk-8-8u191-b12/src/hotspot/src/share/vm/prims/jni.cpp, line 735]
Event: 35,012 Thread 0x00007f0250010000 Implicit null exception at 0x00007f024122cbd1 to 0x00007f024122d19d
Event: 77,422 Thread 0x00007f0250010000 Exception <a 'java/net/SocketTimeoutException': Read timed out> (0x00000000ecf19c38) thrown at [/build/openjdk-8-rxFzfV/openjdk-8-8u191-b12/src/hotspot/src/share/vm/prims/jni.cpp, line 735]
Event: 629,945 Thread 0x00007f0250010000 Implicit null exception at 0x00007f024167f0b5 to 0x00007f024167f8d1

Events (10 events):
Event: 629,396 Executing VM operation: ParallelGCFailedAllocation
Event: 629,474 Executing VM operation: ParallelGCFailedAllocation done
Event: 629,599 Executing VM operation: ParallelGCFailedAllocation
Event: 629,687 Executing VM operation: ParallelGCFailedAllocation done
Event: 629,796 Executing VM operation: ParallelGCFailedAllocation
Event: 629,849 Executing VM operation: ParallelGCFailedAllocation done
Event: 629,945 Thread 0x00007f0250010000 Uncommon trap: trap_request=0xffffff65 fr.pc=0x00007f024167f8f0
Event: 629,945 Thread 0x00007f0250010000 DEOPT PACKING pc=0x00007f024167f8f0 sp=0x00007f0257d3b890
Event: 629,945 Thread 0x00007f0250010000 DEOPT UNPACKING pc=0x00007f024104547a sp=0x00007f0257d3b898 mode 2
Event: 629,971 Executing VM operation: ParallelGCFailedAllocation


Dynamic libraries:
c4600000-dde00000 rw-p 00000000 00:00 0 
e9300000-ec200000 ---p 00000000 00:00 0 
ec200000-100000000 rw-p 00000000 00:00 0 
100000000-100200000 rw-p 00000000 00:00 0 
100200000-140000000 ---p 00000000 00:00 0 
557d668b9000-557d668ba000 r-xp 00000000 08:04 139199                     /usr/lib/jvm/java-8-openjdk-amd64/jre/bin/java
557d66ab9000-557d66aba000 r--p 00000000 08:04 139199                     /usr/lib/jvm/java-8-openjdk-amd64/jre/bin/java
557d66aba000-557d66abb000 rw-p 00001000 08:04 139199                     /usr/lib/jvm/java-8-openjdk-amd64/jre/bin/java
557d688ff000-557d68920000 rw-p 00000000 00:00 0                          [heap]
7f01fc000000-7f01fc021000 rw-p 00000000 00:00 0 
7f01fc021000-7f0200000000 ---p 00000000 00:00 0 
7f0204000000-7f0204021000 rw-p 00000000 00:00 0 
7f0204021000-7f0208000000 ---p 00000000 00:00 0 
7f0208000000-7f0208021000 rw-p 00000000 00:00 0 
7f0208021000-7f020c000000 ---p 00000000 00:00 0 
7f020c000000-7f020d958000 rw-p 00000000 00:00 0 
7f020d958000-7f0210000000 ---p 00000000 00:00 0 
7f0210000000-7f0210752000 rw-p 00000000 00:00 0 
7f0210752000-7f0214000000 ---p 00000000 00:00 0 
7f0214000000-7f0214021000 rw-p 00000000 00:00 0 
7f0214021000-7f0218000000 ---p 00000000 00:00 0 
7f0218000000-7f021a5c9000 rw-p 00000000 00:00 0 
7f021a5c9000-7f021c000000 ---p 00000000 00:00 0 
7f021c000000-7f021c021000 rw-p 00000000 00:00 0 
7f021c021000-7f0220000000 ---p 00000000 00:00 0 
7f0220000000-7f0220021000 rw-p 00000000 00:00 0 
7f0220021000-7f0224000000 ---p 00000000 00:00 0 
7f0224000000-7f0224021000 rw-p 00000000 00:00 0 
7f0224021000-7f0228000000 ---p 00000000 00:00 0 
7f0228000000-7f0228063000 rw-p 00000000 00:00 0 
7f0228063000-7f022c000000 ---p 00000000 00:00 0 
7f022c000000-7f022c021000 rw-p 00000000 00:00 0 
7f022c021000-7f0230000000 ---p 00000000 00:00 0 
7f02328c0000-7f0232900000 rw-p 00000000 00:00 0 
7f0232900000-7f0232ac0000 ---p 00000000 00:00 0 
7f0232ac0000-7f0232cc0000 rw-p 00000000 00:00 0 
7f0232cc0000-7f0232cc3000 ---p 00000000 00:00 0 
7f0232cc3000-7f0232fc1000 rw-p 00000000 00:00 0 
7f0232fc1000-7f02331c1000 rw-p 00000000 00:00 0 
7f02331c1000-7f02331ca000 r--s 0002d000 08:05 1312198                    /home/vitsieunhan98/eclipse-workspace/OOP_20181/OOP/lib/xml-apis-1.4.01.jar
7f023320f000-7f0233213000 r--s 0002a000 08:05 1312108                    /home/vitsieunhan98/eclipse-workspace/OOP_20181/OOP/lib/commons-io-2.4.jar
7f0233213000-7f0233215000 r--s 0000c000 08:05 1312126                    /home/vitsieunhan98/eclipse-workspace/OOP_20181/OOP/lib/json-20160810.jar
7f0233215000-7f0233217000 r--s 0000d000 08:05 1312105                    /home/vitsieunhan98/eclipse-workspace/OOP_20181/OOP/lib/commons-codec-1.4.jar
7f0233217000-7f023321d000 r--s 00034000 08:05 1312128                    /home/vitsieunhan98/eclipse-workspace/OOP_20181/OOP/lib/libthrift-0.9.3.jar
7f023321d000-7f0233220000 r--s 0001d000 08:05 1312194                    /home/vitsieunhan98/eclipse-workspace/OOP_20181/OOP/lib/transactions-4.0.6.jar
7f0233220000-7f0233223000 r--s 0001a000 08:05 1312196                    /home/vitsieunhan98/eclipse-workspace/OOP_20181/OOP/lib/transactions-jta-4.0.6.jar
7f0233223000-7f0233227000 r--s 00041000 08:05 1312118                    /home/vitsieunhan98/eclipse-workspace/OOP_20181/OOP/lib/jackson-core-2.8.2.jar
7f0233227000-7f0233229000 r--s 00004000 08:05 1312154                    /home/vitsieunhan98/eclipse-workspace/OOP_20181/OOP/lib/rdf4j-queryresultio-sparqljson-2.2.2.jar
7f0233229000-7f023322a000 r--s 00005000 08:05 1312156                    /home/vitsieunhan98/eclipse-workspace/OOP_20181/OOP/lib/rdf4j-queryresultio-text-2.2.2.jar
7f023322a000-7f023323d000 r--s 00346000 08:04 139287                     /usr/lib/jvm/java-8-openjdk-amd64/jre/lib/resources.jar
7f023323d000-7f0233275000 r--s 0024e000 08:05 1312125                    /home/vitsieunhan98/eclipse-workspace/OOP_20181/OOP/lib/jena-shaded-guava-3.3.0.jar
7f0233275000-7f0233277000 r--s 00020000 08:05 1312124                    /home/vitsieunhan98/eclipse-workspace/OOP_20181/OOP/lib/jena-iri-3.3.0.jar
7f0233277000-7f023327c000 r--s 00031000 08:05 1312122                    /home/vitsieunhan98/eclipse-workspace/OOP_20181/OOP/lib/jena-base-3.3.0.jar
7f023327c000-7f023327f000 r--s 0001c000 08:05 1312127                    /home/vitsieunhan98/eclipse-workspace/OOP_20181/OOP/lib/jsonld-java-0.9.0.jar
7f023327f000-7f02332b3000 r--s 0028d000 08:05 1312121                    /home/vitsieunhan98/eclipse-workspace/OOP_20181/OOP/lib/jena-arq-3.3.0.jar
7f02332b3000-7f02332b5000 r--s 00008000 08:05 1312174                    /home/vitsieunhan98/eclipse-workspace/OOP_20181/OOP/lib/rdf4j-rio-rdfxml-2.2.2.jar
7f02332b5000-7f02332b6000 r--s 00001000 08:05 1312171                    /home/vitsieunhan98/eclipse-workspace/OOP_20181/OOP/lib/rdf4j-rio-nquads-2.2.2.jar
7f02332b6000-7f02332b9000 r--s 0001f000 08:05 1312187                    /home/vitsieunhan98/eclipse-workspace/OOP_20181/OOP/lib/rdf4j-sail-nativerdf-2.2.2.jar
7f02332b9000-7f02332bd000 r--s 0003b000 08:05 1312189                    /home/vitsieunhan98/eclipse-workspace/OOP_20181/OOP/lib/rdf4j-spin-2.2.2.jar
7f02332bd000-7f02332bf000 r--s 0000d000 08:05 1312188                    /home/vitsieunhan98/eclipse-workspace/OOP_20181/OOP/lib/rdf4j-sail-spin-2.2.2.jar
7f02332bf000-7f02332c2000 r--s 00018000 08:05 1312138                    /home/vitsieunhan98/eclipse-workspace/OOP_20181/OOP/lib/lucene-sandbox-5.2.1.jar
7f02332c2000-7f02332d4000 r--s 0016a000 08:05 1312130                    /home/vitsieunhan98/eclipse-workspace/OOP_20181/OOP/lib/lucene-analyzers-common-5.2.1.jar
7f02332d4000-7f02332fb000 r--s 00216000 08:05 1312131                    /home/vitsieunhan98/eclipse-workspace/OOP_20181/OOP/lib/lucene-core-5.2.1.jar
7f02332fb000-7f02332fe000 r--s 00013000 08:05 1312184                    /home/vitsieunhan98/eclipse-workspace/OOP_20181/OOP/lib/rdf4j-sail-lucene-api-2.2.2.jar
7f02332fe000-7f0233300000 r--s 00007000 08:05 1312183                    /home/vitsieunhan98/eclipse-workspace/OOP_20181/OOP/lib/rdf4j-sail-lucene-2.2.2.jar
7f0233300000-7f0233302000 r--s 0000d000 08:05 1312182                    /home/vitsieunhan98/eclipse-workspace/OOP_20181/OOP/lib/rdf4j-sail-inferencer-2.2.2.jar
7f0233302000-7f0233304000 r--s 00002000 08:05 1312176                    /home/vitsieunhan98/eclipse-workspace/OOP_20181/OOP/lib/rdf4j-rio-trix-2.2.2.jar
7f0233304000-7f0233306000 r--s 00002000 08:05 1312173                    /home/vitsieunhan98/eclipse-workspace/OOP_20181/OOP/lib/rdf4j-rio-rdfjson-2.2.2.jar
7f0233306000-7f0233308000 r--s 00000000 08:05 1312170                    /home/vitsieunhan98/eclipse-workspace/OOP_20181/OOP/lib/rdf4j-rio-n3-2.2.2.jar
7f0233308000-7f023330a000 r--s 00003000 08:05 1312172                    /home/vitsieunhan98/eclipse-workspace/OOP_20181/OOP/lib/rdf4j-rio-ntriples-2.2.2.jar
7f023330a000-7f023330b000 r--s 00003000 08:05 1312168                    /home/vitsieunhan98/eclipse-workspace/OOP_20181/OOP/lib/rdf4j-rio-jsonld-2.2.2.jar
7f023330b000-7f023330c000 r--s 00002000 08:05 1312166                    /home/vitsieunhan98/eclipse-workspace/OOP_20181/OOP/lib/rdf4j-rio-binary-2.2.2.jar
7f023330c000-7f023330e000 r--s 00000000 08:05 1312169                    /home/vitsieunhan98/eclipse-workspace/OOP_20181/OOP/lib/rdf4j-rio-languages-2.2.2.jar
7f023330e000-7f0233310000 r--s 00001000 08:05 1312167                    /home/vitsieunhan98/eclipse-workspace/OOP_20181/OOP/lib/rdf4j-rio-datatypes-2.2.2.jar
7f0233310000-7f0233312000 r--s 00002000 08:05 1312153                    /home/vitsieunhan98/eclipse-workspace/OOP_20181/OOP/lib/rdf4j-queryresultio-binary-2.2.2.jar
7f0233312000-7f0233316000 r--s 00026000 08:05 1312149                    /home/vitsieunhan98/eclipse-workspace/OOP_20181/OOP/lib/rdf4j-queryparser-serql-2.2.2.jar
7f0233316000-7f0233319000 r--s 00015000 08:05 1312181                    /home/vitsieunhan98/eclipse-workspace/OOP_20181/OOP/lib/rdf4j-sail-federation-2.2.2.jar
7f0233319000-7f023331b000 r--s 00008000 08:05 1312164                    /home/vitsieunhan98/eclipse-workspace/OOP_20181/OOP/lib/rdf4j-repository-sparql-2.2.2.jar
7f023331b000-7f023331d000 r--s 00006000 08:05 1312161                    /home/vitsieunhan98/eclipse-workspace/OOP_20181/OOP/lib/rdf4j-repository-http-2.2.2.jar
7f023331d000-7f023332e000 r--s 00115000 08:05 1312119                    /home/vitsieunhan98/eclipse-workspace/OOP_20181/OOP/lib/jackson-databind-2.7.4.jar
7f023332e000-7f0233348000 r--s 00141000 08:05 1312123                    /home/vitsieunhan98/eclipse-workspace/OOP_20181/OOP/lib/jena-core-3.3.0.jar
7f0233348000-7f0233361000 r--s 00135000 08:05 1312197                    /home/vitsieunhan98/eclipse-workspace/OOP_20181/OOP/lib/xercesImpl-2.11.0.jar
7f0233361000-7f0233389000 r-xp 00000000 08:04 139242                     /usr/lib/jvm/java-8-openjdk-amd64/jre/lib/amd64/libsunec.so
7f0233389000-7f0233588000 ---p 00028000 08:04 139242                     /usr/lib/jvm/java-8-openjdk-amd64/jre/lib/amd64/libsunec.so
7f0233588000-7f023358c000 r--p 00027000 08:04 139242                     /usr/lib/jvm/java-8-openjdk-amd64/jre/lib/amd64/libsunec.so
7f023358c000-7f023358d000 rw-p 0002b000 08:04 139242                     /usr/lib/jvm/java-8-openjdk-amd64/jre/lib/amd64/libsunec.so
7f023358d000-7f02335be000 rw-p 00000000 00:00 0 
7f02335be000-7f02335d5000 r-xp 00000000 08:04 139237                     /usr/lib/jvm/java-8-openjdk-amd64/jre/lib/amd64/libnet.so
7f02335d5000-7f02337d4000 ---p 00017000 08:04 139237                     /usr/lib/jvm/java-8-openjdk-amd64/jre/lib/amd64/libnet.so
7f02337d4000-7f02337d5000 r--p 00016000 08:04 139237                     /usr/lib/jvm/java-8-openjdk-amd64/jre/lib/amd64/libnet.so
7f02337d5000-7f02337d6000 rw-p 00017000 08:04 139237                     /usr/lib/jvm/java-8-openjdk-amd64/jre/lib/amd64/libnet.so
7f02337d6000-7f02337e8000 r-xp 00000000 08:04 139238                     /usr/lib/jvm/java-8-openjdk-amd64/jre/lib/amd64/libnio.so
7f02337e8000-7f02339e7000 ---p 00012000 08:04 139238                     /usr/lib/jvm/java-8-openjdk-amd64/jre/lib/amd64/libnio.so
7f02339e7000-7f02339e8000 r--p 00011000 08:04 139238                     /usr/lib/jvm/java-8-openjdk-amd64/jre/lib/amd64/libnio.so
7f02339e8000-7f02339e9000 rw-p 00012000 08:04 139238                     /usr/lib/jvm/java-8-openjdk-amd64/jre/lib/amd64/libnio.so
7f02339e9000-7f02339eb000 r--s 00016000 08:04 139280                     /usr/lib/jvm/java-8-openjdk-amd64/jre/lib/jce.jar
7f02339eb000-7f02339f0000 r--s 000a0000 08:04 139282                     /usr/lib/jvm/java-8-openjdk-amd64/jre/lib/jsse.jar
7f02339f0000-7f02339f2000 r--s 00003000 08:05 1312120                    /home/vitsieunhan98/eclipse-workspace/OOP_20181/OOP/lib/jcl-over-slf4j-1.7.21.jar
7f02339f2000-7f02339fb000 r--s 0006f000 08:05 1312129                    /home/vitsieunhan98/eclipse-workspace/OOP_20181/OOP/lib/log4j-1.2.17.jar
7f02339fb000-7f02339fd000 r--s 00008000 08:05 1442957                    /home/vitsieunhan98/.m2/repository/com/atomikos/atomikos-util/4.0.6/atomikos-util-4.0.6.jar
7f02339fd000-7f0233a00000 r--s 0001d000 08:05 1442955                    /home/vitsieunhan98/.m2/repository/com/atomikos/transactions/4.0.6/transactions-4.0.6.jar
7f0233a00000-7f0233a03000 r--s 00008000 08:05 1442953                    /home/vitsieunhan98/.m2/repository/com/atomikos/transactions-api/4.0.6/transactions-api-4.0.6.jar
7f0233a03000-7f0233a06000 r--s 0001a000 08:05 1442951                    /home/vitsieunhan98/.m2/repository/com/atomikos/transactions-jta/4.0.6/transactions-jta-4.0.6.jar
7f0233a06000-7f0233a0a000 r--s 00041000 08:05 1313473                    /home/vitsieunhan98/.m2/repository/com/fasterxml/jackson/core/jackson-core/2.8.2/jackson-core-2.8.2.jar
7f0233a0a000-7f0233a0c000 r--s 00004000 08:05 1442949                    /home/vitsieunhan98/.m2/repository/org/eclipse/rdf4j/rdf4j-queryresultio-sparqljson/2.2.2/rdf4j-queryresultio-sparqljson-2.2.2.jar
7f0233a0c000-7f0233a0e000 r--s 00006000 08:05 1442947                    /home/vitsieunhan98/.m2/repository/com/opencsv/opencsv/3.2/opencsv-3.2.jar
7f0233a0e000-7f0233a0f000 r--s 00005000 08:05 1442924                    /home/vitsieunhan98/.m2/repository/org/eclipse/rdf4j/rdf4j-queryresultio-text/2.2.2/rdf4j-queryresultio-text-2.2.2.jar
7f0233a0f000-7f0233a11000 r--s 00018000 08:05 1442943                    /home/vitsieunhan98/.m2/repository/javax/servlet/servlet-api/2.5/servlet-api-2.5.jar
7f0233a11000-7f0233a14000 r--s 00019000 08:05 1442941                    /home/vitsieunhan98/.m2/repository/org/apache/commons/commons-pool2/2.4.2/commons-pool2-2.4.2.jar
7f0233a14000-7f0233a18000 r--s 0002a000 08:05 1313015                    /home/vitsieunhan98/.m2/repository/commons-io/commons-io/2.4/commons-io-2.4.jar
7f0233a18000-7f0233a1a000 r--s 0000d000 08:05 1442939                    /home/vitsieunhan98/.m2/repository/commons-codec/commons-codec/1.4/commons-codec-1.4.jar
7f0233a1a000-7f0233a1c000 r--s 00009000 08:05 1442937                    /home/vitsieunhan98/.m2/repository/commons-cli/commons-cli/1.2/commons-cli-1.2.jar
7f0233a1c000-7f0233a1e000 r--s 0000d000 08:05 1442920                    /home/vitsieunhan98/.m2/repository/commons-logging/commons-logging/1.1.1/commons-logging-1.1.1.jar
7f0233a1e000-7f0233a24000 r--s 00045000 08:05 1442918                    /home/vitsieunhan98/.m2/repository/commons-httpclient/commons-httpclient/3.1/commons-httpclient-3.1.jar
7f0233a24000-7f0233a2d000 r--s 0006f000 08:05 1442899                    /home/vitsieunhan98/.m2/repository/log4j/log4j/1.2.17/log4j-1.2.17.jar
7f0233a2d000-7f0233a2e000 r--s 00002000 08:05 1442892                    /home/vitsieunhan98/.m2/repository/org/slf4j/slf4j-log4j12/1.7.25/slf4j-log4j12-1.7.25.jar
7f0233a2e000-7f0233a30000 r--s 00009000 08:05 1442927                    /home/vitsieunhan98/.m2/repository/org/slf4j/slf4j-api/1.7.25/slf4j-api-1.7.25.jar
7f0233a30000-7f0233a32000 r--s 0000c000 08:05 1442847                    /home/vitsieunhan98/.m2/repository/org/json/json/20160810/json-20160810.jar
7f0233a32000-7f0233a66000 r--s 0028d000 08:05 1442902                    /home/vitsieunhan98/.m2/repository/org/apache/jena/jena-arq/3.3.0/jena-arq-3.3.0.jar
7f0233a66000-7f0233a80000 r--s 00141000 08:05 1442922                    /home/vitsieunhan98/.m2/repository/org/apache/jena/jena-core/3.3.0/jena-core-3.3.0.jar
7f0233a80000-7f0233a82000 r--s 00008000 08:05 1442919                    /home/vitsieunhan98/.m2/repository/org/eclipse/rdf4j/rdf4j-rio-rdfxml/2.2.2/rdf4j-rio-rdfxml-2.2.2.jar
7f0233a82000-7f0233a83000 r--s 00001000 08:05 1442917                    /home/vitsieunhan98/.m2/repository/org/eclipse/rdf4j/rdf4j-rio-nquads/2.2.2/rdf4j-rio-nquads-2.2.2.jar
7f0233a83000-7f0233a86000 r--s 0001f000 08:05 1442916                    /home/vitsieunhan98/.m2/repository/org/eclipse/rdf4j/rdf4j-sail-nativerdf/2.2.2/rdf4j-sail-nativerdf-2.2.2.jar
7f0233a86000-7f0233a88000 r--s 0000a000 08:05 1442914                    /home/vitsieunhan98/.m2/repository/org/eclipse/rdf4j/rdf4j-queryrender/2.2.2/rdf4j-queryrender-2.2.2.jar
7f0233a88000-7f0233a8d000 r--s 00041000 08:05 1313025                    /home/vitsieunhan98/.m2/repository/commons-lang/commons-lang/2.6/commons-lang-2.6.jar
7f0233a8d000-7f0233a91000 r--s 0003b000 08:05 1442912                    /home/vitsieunhan98/.m2/repository/org/eclipse/rdf4j/rdf4j-spin/2.2.2/rdf4j-spin-2.2.2.jar
7f0233a91000-7f0233a93000 r--s 0000d000 08:05 1442890                    /home/vitsieunhan98/.m2/repository/org/eclipse/rdf4j/rdf4j-sail-spin/2.2.2/rdf4j-sail-spin-2.2.2.jar
7f0233a93000-7f0233a97000 r--s 00026000 08:05 1442907                    /home/vitsieunhan98/.m2/repository/org/apache/lucene/lucene-misc/5.2.1/lucene-misc-5.2.1.jar
7f0233a97000-7f0233a9d000 r--s 00042000 08:05 1442906                    /home/vitsieunhan98/.m2/repository/org/apache/lucene/lucene-spatial/5.2.1/lucene-spatial-5.2.1.jar
7f0233a9d000-7f0233aa0000 r--s 00018000 08:05 1442903                    /home/vitsieunhan98/.m2/repository/org/apache/lucene/lucene-sandbox/5.2.1/lucene-sandbox-5.2.1.jar
7f0233aa0000-7f0233aaa000 r--s 00058000 08:05 1442900                    /home/vitsieunhan98/.m2/repository/org/apache/lucene/lucene-queryparser/5.2.1/lucene-queryparser-5.2.1.jar
7f0233aaa000-7f0233abc000 r--s 0016a000 08:05 1442898                    /home/vitsieunhan98/.m2/repository/org/apache/lucene/lucene-analyzers-common/5.2.1/lucene-analyzers-common-5.2.1.jar
7f0233abc000-7f0233abe000 r--s 00007000 08:05 1442897                    /home/vitsieunhan98/.m2/repository/org/apache/lucene/lucene-memory/5.2.1/lucene-memory-5.2.1.jar
7f0233abe000-7f0233ac1000 r--s 00016000 08:05 1442896                    /home/vitsieunhan98/.m2/repository/org/apache/lucene/lucene-join/5.2.1/lucene-join-5.2.1.jar
7f0233ac1000-7f0233ac4000 r--s 00020000 08:05 1442888                    /home/vitsieunhan98/.m2/repository/org/apache/lucene/lucene-highlighter/5.2.1/lucene-highlighter-5.2.1.jar
7f0233ac4000-7f0233aca000 r--s 0002e000 08:05 1442905                    /home/vitsieunhan98/.m2/repository/org/apache/lucene/lucene-queries/5.2.1/lucene-queries-5.2.1.jar
7f0233aca000-7f0233af1000 r--s 00216000 08:05 1313545                    /home/vitsieunhan98/.m2/repository/org/apache/lucene/lucene-core/5.2.1/lucene-core-5.2.1.jar
7f0233af1000-7f0233af3000 r--s 00017000 08:05 1442867                    /home/vitsieunhan98/.m2/repository/com/spatial4j/spatial4j/0.4.1/spatial4j-0.4.1.jar
7f0233af3000-7f0233af6000 r--s 00013000 08:05 1442833                    /home/vitsieunhan98/.m2/repository/org/eclipse/rdf4j/rdf4j-sail-lucene-api/2.2.2/rdf4j-sail-lucene-api-2.2.2.jar
7f0233af6000-7f0233af8000 r--s 00007000 08:05 1442840                    /home/vitsieunhan98/.m2/repository/org/eclipse/rdf4j/rdf4j-sail-lucene/2.2.2/rdf4j-sail-lucene-2.2.2.jar
7f0233af8000-7f0233af9000 r--s 00001000 08:05 1442872                    /home/vitsieunhan98/.m2/repository/org/eclipse/rdf4j/rdf4j-sail-model/2.2.2/rdf4j-sail-model-2.2.2.jar
7f0233af9000-7f0233afb000 r--s 0000d000 08:05 1442869                    /home/vitsieunhan98/.m2/repository/org/eclipse/rdf4j/rdf4j-sail-inferencer/2.2.2/rdf4j-sail-inferencer-2.2.2.jar
7f0233afb000-7f0233afd000 r--s 00002000 08:05 1442880                    /home/vitsieunhan98/.m2/repository/org/eclipse/rdf4j/rdf4j-rio-trix/2.2.2/rdf4j-rio-trix-2.2.2.jar
7f0233afd000-7f0233aff000 r--s 00002000 08:05 1442878                    /home/vitsieunhan98/.m2/repository/org/eclipse/rdf4j/rdf4j-rio-rdfjson/2.2.2/rdf4j-rio-rdfjson-2.2.2.jar
7f0233aff000-7f0233b01000 r--s 00000000 08:05 1442876                    /home/vitsieunhan98/.m2/repository/org/eclipse/rdf4j/rdf4j-rio-n3/2.2.2/rdf4j-rio-n3-2.2.2.jar
7f0233b01000-7f0233b03000 r--s 00003000 08:05 1442874                    /home/vitsieunhan98/.m2/repository/org/eclipse/rdf4j/rdf4j-rio-ntriples/2.2.2/rdf4j-rio-ntriples-2.2.2.jar
7f0233b03000-7f0233b04000 r--s 00003000 08:05 1442860                    /home/vitsieunhan98/.m2/repository/org/eclipse/rdf4j/rdf4j-rio-jsonld/2.2.2/rdf4j-rio-jsonld-2.2.2.jar
7f0233b04000-7f0233b05000 r--s 00002000 08:05 1442871                    /home/vitsieunhan98/.m2/repository/org/eclipse/rdf4j/rdf4j-rio-binary/2.2.2/rdf4j-rio-binary-2.2.2.jar
7f0233b05000-7f0233b07000 r--s 00000000 08:05 1442856                    /home/vitsieunhan98/.m2/repository/org/eclipse/rdf4j/rdf4j-rio-languages/2.2.2/rdf4j-rio-languages-2.2.2.jar
7f0233b07000-7f0233b09000 r--s 00001000 08:05 1442865                    /home/vitsieunhan98/.m2/repository/org/eclipse/rdf4j/rdf4j-rio-datatypes/2.2.2/rdf4j-rio-datatypes-2.2.2.jar
7f0233b09000-7f0233b0b000 r--s 00006000 08:05 1442863                    /home/vitsieunhan98/.m2/repository/org/eclipse/rdf4j/rdf4j-http-protocol/2.2.2/rdf4j-http-protocol-2.2.2.jar
7f0233b0b000-7f0233b0d000 r--s 00002000 08:05 1442851                    /home/vitsieunhan98/.m2/repository/org/eclipse/rdf4j/rdf4j-queryresultio-binary/2.2.2/rdf4j-queryresultio-binary-2.2.2.jar
7f0233b0d000-7f0233b11000 r--s 00026000 08:05 1442838                    /home/vitsieunhan98/.m2/repository/org/eclipse/rdf4j/rdf4j-queryparser-serql/2.2.2/rdf4j-queryparser-serql-2.2.2.jar
7f0233b11000-7f0233b14000 r--s 00015000 08:05 1442858                    /home/vitsieunhan98/.m2/repository/org/eclipse/rdf4j/rdf4j-sail-federation/2.2.2/rdf4j-sail-federation-2.2.2.jar
7f0233b14000-7f0233b15000 r--s 0000a000 08:05 1442855                    /home/vitsieunhan98/.m2/repository/org/eclipse/rdf4j/rdf4j-http-client/2.2.2/rdf4j-http-client-2.2.2.jar
7f0233b15000-7f0233b17000 r--s 00008000 08:05 1442853                    /home/vitsieunhan98/.m2/repository/org/eclipse/rdf4j/rdf4j-repository-sparql/2.2.2/rdf4j-repository-sparql-2.2.2.jar
7f0233b17000-7f0233b19000 r--s 00006000 08:05 1442852                    /home/vitsieunhan98/.m2/repository/org/eclipse/rdf4j/rdf4j-repository-http/2.2.2/rdf4j-repository-http-2.2.2.jar
7f0233b19000-7f0233b1b000 r--s 00005000 08:05 1442831                    /home/vitsieunhan98/.m2/repository/org/eclipse/rdf4j/rdf4j-repository-event/2.2.2/rdf4j-repository-event-2.2.2.jar
7f0233b1b000-7f0233b1d000 r--s 00007000 08:05 1442849                    /home/vitsieunhan98/.m2/repository/org/eclipse/rdf4j/rdf4j-repository-manager/2.2.2/rdf4j-repository-manager-2.2.2.jar
7f0233b1d000-7f0233b1e000 r--s 00001000 08:05 1442836                    /home/vitsieunhan98/.m2/repository/org/eclipse/rdf4j/rdf4j-runtime/2.2.2/rdf4j-runtime-2.2.2.jar
7f0233b1e000-7f0233b22000 r--s 00031000 08:05 1442844                    /home/vitsieunhan98/.m2/repository/org/eclipse/rdf4j/rdf4j-model/2.2.2/rdf4j-model-2.2.2.jar
7f0233b22000-7f0233b29000 r--s 00064000 08:05 1442841                    /home/vitsieunhan98/.m2/repository/org/apache/commons/commons-lang3/3.4/commons-lang3-3.4.jar
7f0233b29000-7f0233b2b000 r--s 00003000 08:05 1442837                    /home/vitsieunhan98/.m2/repository/org/slf4j/jcl-over-slf4j/1.7.21/jcl-over-slf4j-1.7.21.jar
7f0233b2b000-7f0233b31000 r--s 00034000 08:05 1442835                    /home/vitsieunhan98/.m2/repository/org/apache/thrift/libthrift/0.9.3/libthrift-0.9.3.jar
7f0233b31000-7f0233b34000 r--s 00024000 08:05 1442821                    /home/vitsieunhan98/.m2/repository/org/apache/httpcomponents/httpclient-cache/4.5.2/httpclient-cache-4.5.2.jar
7f0233b34000-7f0233b37000 r--s 0000a000 08:05 1442830                    /home/vitsieunhan98/.m2/repository/com/fasterxml/jackson/core/jackson-annotations/2.7.0/jackson-annotations-2.7.0.jar
7f0233b37000-7f0233b48000 r--s 00115000 08:05 1442828                    /home/vitsieunhan98/.m2/repository/com/fasterxml/jackson/core/jackson-databind/2.7.4/jackson-databind-2.7.4.jar
7f0233b48000-7f0233b4b000 r--s 0001c000 08:05 1442832                    /home/vitsieunhan98/.m2/repository/com/github/jsonld-java/jsonld-java/0.9.0/jsonld-java-0.9.0.jar
7f0233b4b000-7f0233b52000 r--s 00049000 08:05 1313537                    /home/vitsieunhan98/.m2/repository/org/apache/httpcomponents/httpcore/4.4.4/httpcore-4.4.4.jar
7f0233b52000-7f0233b5f000 r--s 000a7000 08:05 1313542                    /home/vitsieunhan98/.m2/repository/org/apache/httpcomponents/httpclient/4.5.2/httpclient-4.5.2.jar
7f0233b5f000-7f0233b97000 r--s 0024e000 08:05 1442826                    /home/vitsieunhan98/.m2/repository/org/apache/jena/jena-shaded-guava/3.3.0/jena-shaded-guava-3.3.0.jar
7f0233b97000-7f0233b9c000 r--s 00023000 08:05 1442819                    /home/vitsieunhan98/.m2/repository/com/github/andrewoma/dexx/collection/0.6/collection-0.6.jar
7f0233b9c000-7f0233ba1000 r--s 00031000 08:05 1442817                    /home/vitsieunhan98/.m2/repository/org/apache/jena/jena-base/3.3.0/jena-base-3.3.0.jar
7f0233ba1000-7f0233baa000 r--s 0002d000 08:05 1442815                    /home/vitsieunhan98/.m2/repository/xml-apis/xml-apis/1.4.01/xml-apis-1.4.01.jar
7f0233baa000-7f0233bc3000 r--s 00135000 08:05 1442812                    /home/vitsieunhan98/.m2/repository/xerces/xercesImpl/2.11.0/xercesImpl-2.11.0.jar
7f0233bc3000-7f0233bc5000 r--s 00020000 08:05 1442810                    /home/vitsieunhan98/.m2/repository/org/apache/jena/jena-iri/3.3.0/jena-iri-3.3.0.jar
7f0233bc5000-7f0233bf0000 r--s 001fc000 08:05 1313538                    /home/vitsieunhan98/.m2/repository/com/google/guava/guava/18.0/guava-18.0.jar
7f0233bf0000-7f0233bf3000 r--s 00015000 08:05 1442791                    /home/vitsieunhan98/.m2/repository/org/eclipse/rdf4j/rdf4j-util/2.2.2/rdf4j-util-2.2.2.jar
7f0233bf3000-7f0233bf5000 r--s 0000e000 08:05 1442776                    /home/vitsieunhan98/.m2/repository/org/eclipse/rdf4j/rdf4j-sail-base/2.2.2/rdf4j-sail-base-2.2.2.jar
7f0233bf5000-7f0233bf7000 r--s 0000d000 08:05 1442797                    /home/vitsieunhan98/.m2/repository/org/eclipse/rdf4j/rdf4j-sail-memory/2.2.2/rdf4j-sail-memory-2.2.2.jar
7f0233bf7000-7f0233bfc000 r--s 00061000 08:05 1442807                    /home/vitsieunhan98/.m2/repository/org/mapdb/mapdb/1.0.8/mapdb-1.0.8.jar
7f0233bfc000-7f0233bfd000 ---p 00000000 00:00 0 
7f0233bfd000-7f0233cfd000 rw-p 00000000 00:00 0 
7f0233cfd000-7f0233d00000 ---p 00000000 00:00 0 
7f0233d00000-7f0233dfe000 rw-p 00000000 00:00 0 
7f0233dfe000-7f0233dff000 ---p 00000000 00:00 0 
7f0233dff000-7f0233e02000 ---p 00000000 00:00 0 
7f0233e02000-7f0233eff000 rw-p 00000000 00:00 0 
7f0233eff000-7f0233f00000 ---p 00000000 00:00 0 
7f0233f00000-7f0233f03000 ---p 00000000 00:00 0 
7f0233f03000-7f0234000000 rw-p 00000000 00:00 0 
7f0234000000-7f0234021000 rw-p 00000000 00:00 0 
7f0234021000-7f0238000000 ---p 00000000 00:00 0 
7f0238000000-7f0238001000 r--s 00009000 08:05 1442839                    /home/vitsieunhan98/.m2/repository/org/apache/commons/commons-csv/1.3/commons-csv-1.3.jar
7f0238001000-7f0238003000 r--s 0000e000 08:05 1442794                    /home/vitsieunhan98/.m2/repository/org/eclipse/rdf4j/rdf4j-sail-api/2.2.2/rdf4j-sail-api-2.2.2.jar
7f0238003000-7f023800b000 r--s 0004c000 08:05 1442798                    /home/vitsieunhan98/.m2/repository/org/eclipse/rdf4j/rdf4j-queryalgebra-evaluation/2.2.2/rdf4j-queryalgebra-evaluation-2.2.2.jar
7f023800b000-7f023800d000 r--s 0000c000 08:05 1442778                    /home/vitsieunhan98/.m2/repository/org/eclipse/rdf4j/rdf4j-repository-sail/2.2.2/rdf4j-repository-sail-2.2.2.jar
7f023800d000-7f023800f000 r--s 00002000 08:05 1442784                    /home/vitsieunhan98/.m2/repository/org/eclipse/rdf4j/rdf4j-repository-dataset/2.2.2/rdf4j-repository-dataset-2.2.2.jar
7f023800f000-7f0238012000 r--s 0000e000 08:05 1442779                    /home/vitsieunhan98/.m2/repository/org/eclipse/rdf4j/rdf4j-repository-api/2.2.2/rdf4j-repository-api-2.2.2.jar
7f0238012000-7f0238019000 r--s 00041000 08:05 1442796                    /home/vitsieunhan98/.m2/repository/org/eclipse/rdf4j/rdf4j-queryparser-sparql/2.2.2/rdf4j-queryparser-sparql-2.2.2.jar
7f0238019000-7f023801d000 r--s 00022000 08:05 1442775                    /home/vitsieunhan98/.m2/repository/org/eclipse/rdf4j/rdf4j-queryalgebra-model/2.2.2/rdf4j-queryalgebra-model-2.2.2.jar
7f023801d000-7f023801f000 r--s 00004000 08:05 1442773                    /home/vitsieunhan98/.m2/repository/org/eclipse/rdf4j/rdf4j-queryparser-api/2.2.2/rdf4j-queryparser-api-2.2.2.jar
7f023801f000-7f0238021000 r--s 00005000 08:05 1442771                    /home/vitsieunhan98/.m2/repository/org/eclipse/rdf4j/rdf4j-queryresultio-sparqlxml/2.2.2/rdf4j-queryresultio-sparqlxml-2.2.2.jar
7f0238021000-7f0238023000 r--s 00006000 08:05 1442780                    /home/vitsieunhan98/.m2/repository/org/eclipse/rdf4j/rdf4j-queryresultio-api/2.2.2/rdf4j-queryresultio-api-2.2.2.jar
7f0238023000-7f0238025000 r--s 0000d000 08:05 1442777                    /home/vitsieunhan98/.m2/repository/org/eclipse/rdf4j/rdf4j-query/2.2.2/rdf4j-query-2.2.2.jar
7f0238025000-7f0238027000 r--s 00001000 08:05 1442786                    /home/vitsieunhan98/.m2/repository/org/eclipse/rdf4j/rdf4j-rio-trig/2.2.2/rdf4j-rio-trig-2.2.2.jar
7f0238027000-7f0238029000 r--s 00005000 08:05 1442774                    /home/vitsieunhan98/.m2/repository/org/eclipse/rdf4j/rdf4j-rio-turtle/2.2.2/rdf4j-rio-turtle-2.2.2.jar
7f0238029000-7f023802c000 r--s 0000e000 08:05 1442770                    /home/vitsieunhan98/.m2/repository/org/eclipse/rdf4j/rdf4j-rio-api/2.2.2/rdf4j-rio-api-2.2.2.jar
7f023802c000-7f023802e000 r--s 00009000 08:05 1312191                    /home/vitsieunhan98/eclipse-workspace/OOP_20181/OOP/lib/slf4j-api-1.7.25.jar
7f023802e000-7f0238030000 r--s 00006000 08:05 1312143                    /home/vitsieunhan98/eclipse-workspace/OOP_20181/OOP/lib/rdf4j-http-protocol-2.2.2.jar
7f0238030000-7f0238036000 r--s 00045000 08:05 1312107                    /home/vitsieunhan98/eclipse-workspace/OOP_20181/OOP/lib/commons-httpclient-3.1.jar
7f0238036000-7f0238039000 r--s 00015000 08:05 1312190                    /home/vitsieunhan98/eclipse-workspace/OOP_20181/OOP/lib/rdf4j-util-2.2.2.jar
7f0238039000-7f023803b000 r--s 0000e000 08:05 1312180                    /home/vitsieunhan98/eclipse-workspace/OOP_20181/OOP/lib/rdf4j-sail-base-2.2.2.jar
7f023803b000-7f023803d000 r--s 0000d000 08:05 1312185                    /home/vitsieunhan98/eclipse-workspace/OOP_20181/OOP/lib/rdf4j-sail-memory-2.2.2.jar
7f023803d000-7f023803f000 r--s 0000e000 08:05 1312179                    /home/vitsieunhan98/eclipse-workspace/OOP_20181/OOP/lib/rdf4j-sail-api-2.2.2.jar
7f023803f000-7f0238047000 r--s 0004c000 08:05 1312146                    /home/vitsieunhan98/eclipse-workspace/OOP_20181/OOP/lib/rdf4j-queryalgebra-evaluation-2.2.2.jar
7f0238047000-7f0238049000 r--s 0000c000 08:05 1312163                    /home/vitsieunhan98/eclipse-workspace/OOP_20181/OOP/lib/rdf4j-repository-sail-2.2.2.jar
7f0238049000-7f023804b000 r--s 00002000 08:05 1312159                    /home/vitsieunhan98/eclipse-workspace/OOP_20181/OOP/lib/rdf4j-repository-dataset-2.2.2.jar
7f023804b000-7f0238052000 r--s 00041000 08:05 1312150                    /home/vitsieunhan98/eclipse-workspace/OOP_20181/OOP/lib/rdf4j-queryparser-sparql-2.2.2.jar
7f0238052000-7f0238056000 r--s 00022000 08:05 1312147                    /home/vitsieunhan98/eclipse-workspace/OOP_20181/OOP/lib/rdf4j-queryalgebra-model-2.2.2.jar
7f0238056000-7f0238058000 r--s 00004000 08:05 1312148                    /home/vitsieunhan98/eclipse-workspace/OOP_20181/OOP/lib/rdf4j-queryparser-api-2.2.2.jar
7f0238058000-7f023805a000 r--s 00005000 08:05 1312155                    /home/vitsieunhan98/eclipse-workspace/OOP_20181/OOP/lib/rdf4j-queryresultio-sparqlxml-2.2.2.jar
7f023805a000-7f023805c000 r--s 00006000 08:05 1312152                    /home/vitsieunhan98/eclipse-workspace/OOP_20181/OOP/lib/rdf4j-queryresultio-api-2.2.2.jar
7f023805c000-7f023805e000 r--s 0000d000 08:05 1312145                    /home/vitsieunhan98/eclipse-workspace/OOP_20181/OOP/lib/rdf4j-query-2.2.2.jar
7f023805e000-7f0238079000 r--s 001d6000 08:04 139264                     /usr/lib/jvm/java-8-openjdk-amd64/jre/lib/ext/nashorn.jar
7f0238079000-7f023807a000 ---p 00000000 00:00 0 
7f023807a000-7f023807d000 ---p 00000000 00:00 0 
7f023807d000-7f023817a000 rw-p 00000000 00:00 0 
7f023817a000-7f023817d000 ---p 00000000 00:00 0 
7f023817d000-7f023827b000 rw-p 00000000 00:00 0 
7f023827b000-7f0238dcb000 r--p 00000000 08:04 268215                     /usr/lib/locale/locale-archive
7f0238dcb000-7f0238dce000 ---p 00000000 00:00 0 
7f0238dce000-7f0238ecc000 rw-p 00000000 00:00 0 
7f0238ecc000-7f0238ecf000 ---p 00000000 00:00 0 
7f0238ecf000-7f0238fcd000 rw-p 00000000 00:00 0 
7f0238fcd000-7f0238fce000 ---p 00000000 00:00 0 
7f0238fce000-7f023a061000 rw-p 00000000 00:00 0 
7f023a061000-7f023a230000 r--s 03c33000 08:04 139288                     /usr/lib/jvm/java-8-openjdk-amd64/jre/lib/rt.jar
7f023a230000-7f023c000000 rw-p 00000000 00:00 0 
7f023c000000-7f023c021000 rw-p 00000000 00:00 0 
7f023c021000-7f0240000000 ---p 00000000 00:00 0 
7f0240000000-7f0240001000 r--s 00004000 08:05 1442801                    /home/vitsieunhan98/.m2/repository/org/eclipse/rdf4j/rdf4j-repository-contextaware/2.2.2/rdf4j-repository-contextaware-2.2.2.jar
7f0240001000-7f0240003000 r--s 00001000 08:05 1312175                    /home/vitsieunhan98/eclipse-workspace/OOP_20181/OOP/lib/rdf4j-rio-trig-2.2.2.jar
7f0240003000-7f0240005000 r--s 00005000 08:05 1312177                    /home/vitsieunhan98/eclipse-workspace/OOP_20181/OOP/lib/rdf4j-rio-turtle-2.2.2.jar
7f0240005000-7f0240020000 r--s 00394000 08:04 139259                     /usr/lib/jvm/java-8-openjdk-amd64/jre/lib/ext/cldrdata.jar
7f0240020000-7f0240a1e000 rw-p 00000000 00:00 0 
7f0240a1e000-7f0240a1f000 ---p 00000000 00:00 0 
7f0240a1f000-7f0240b1f000 rw-p 00000000 00:00 0 
7f0240b1f000-7f0240b20000 ---p 00000000 00:00 0 
7f0240b20000-7f0240c20000 rw-p 00000000 00:00 0 
7f0240c20000-7f0240c21000 ---p 00000000 00:00 0 
7f0240c21000-7f0240d21000 rw-p 00000000 00:00 0 
7f0240d21000-7f0240d22000 ---p 00000000 00:00 0 
7f0240d22000-7f0240eee000 rw-p 00000000 00:00 0 
7f0240eee000-7f0240f60000 ---p 00000000 00:00 0 
7f0240f60000-7f0240fff000 rw-p 00000000 00:00 0 
7f0240fff000-7f0241000000 rw-p 00000000 00:00 0 
7f0241000000-7f0241bc0000 rwxp 00000000 00:00 0 
7f0241bc0000-7f0250000000 ---p 00000000 00:00 0 
7f0250000000-7f0250c9e000 rw-p 00000000 00:00 0 
7f0250c9e000-7f0254000000 ---p 00000000 00:00 0 
7f0254000000-7f0254001000 r--s 00002000 08:05 1312192                    /home/vitsieunhan98/eclipse-workspace/OOP_20181/OOP/lib/slf4j-log4j12-1.7.25.jar
7f0254001000-7f0254004000 r--s 0000e000 08:05 1312165                    /home/vitsieunhan98/eclipse-workspace/OOP_20181/OOP/lib/rdf4j-rio-api-2.2.2.jar
7f0254004000-7f0254007000 r--s 0000e000 08:05 1312157                    /home/vitsieunhan98/eclipse-workspace/OOP_20181/OOP/lib/rdf4j-repository-api-2.2.2.jar
7f0254007000-7f025400b000 r--s 00031000 08:05 1312144                    /home/vitsieunhan98/eclipse-workspace/OOP_20181/OOP/lib/rdf4j-model-2.2.2.jar
7f025400b000-7f025400f000 r--s 00037000 08:05 1312101                    /home/vitsieunhan98/eclipse-workspace/OOP_20181/OOP/lib/agraph-java-client-2.2.1.jar
7f025400f000-7f0254012000 r--s 00038000 08:04 139267                     /usr/lib/jvm/java-8-openjdk-amd64/jre/lib/ext/sunpkcs11.jar
7f0254012000-7f0254015000 r--s 0000f000 08:04 139261                     /usr/lib/jvm/java-8-openjdk-amd64/jre/lib/ext/icedtea-sound.jar
7f0254015000-7f025401f000 r--s 00116000 08:04 139263                     /usr/lib/jvm/java-8-openjdk-amd64/jre/lib/ext/localedata.jar
7f025401f000-7f0254161000 rw-p 00000000 00:00 0 
7f0254161000-7f02541d3000 ---p 00000000 00:00 0 
7f02541d3000-7f0254202000 rw-p 00000000 00:00 0 
7f0254202000-7f0254593000 ---p 00000000 00:00 0 
7f0254593000-7f025459b000 r-xp 00000000 08:04 139245                     /usr/lib/jvm/java-8-openjdk-amd64/jre/lib/amd64/libzip.so
7f025459b000-7f025479a000 ---p 00008000 08:04 139245                     /usr/lib/jvm/java-8-openjdk-amd64/jre/lib/amd64/libzip.so
7f025479a000-7f025479b000 r--p 00007000 08:04 139245                     /usr/lib/jvm/java-8-openjdk-amd64/jre/lib/amd64/libzip.so
7f025479b000-7f025479c000 rw-p 00008000 08:04 139245                     /usr/lib/jvm/java-8-openjdk-amd64/jre/lib/amd64/libzip.so
7f025479c000-7f02547a7000 r-xp 00000000 08:04 791231                     /lib/x86_64-linux-gnu/libnss_files-2.27.so
7f02547a7000-7f02549a6000 ---p 0000b000 08:04 791231                     /lib/x86_64-linux-gnu/libnss_files-2.27.so
7f02549a6000-7f02549a7000 r--p 0000a000 08:04 791231                     /lib/x86_64-linux-gnu/libnss_files-2.27.so
7f02549a7000-7f02549a8000 rw-p 0000b000 08:04 791231                     /lib/x86_64-linux-gnu/libnss_files-2.27.so
7f02549a8000-7f02549ae000 rw-p 00000000 00:00 0 
7f02549ae000-7f02549c5000 r-xp 00000000 08:04 791225                     /lib/x86_64-linux-gnu/libnsl-2.27.so
7f02549c5000-7f0254bc4000 ---p 00017000 08:04 791225                     /lib/x86_64-linux-gnu/libnsl-2.27.so
7f0254bc4000-7f0254bc5000 r--p 00016000 08:04 791225                     /lib/x86_64-linux-gnu/libnsl-2.27.so
7f0254bc5000-7f0254bc6000 rw-p 00017000 08:04 791225                     /lib/x86_64-linux-gnu/libnsl-2.27.so
7f0254bc6000-7f0254bc8000 rw-p 00000000 00:00 0 
7f0254bc8000-7f0254bd3000 r-xp 00000000 08:04 791242                     /lib/x86_64-linux-gnu/libnss_nis-2.27.so
7f0254bd3000-7f0254dd2000 ---p 0000b000 08:04 791242                     /lib/x86_64-linux-gnu/libnss_nis-2.27.so
7f0254dd2000-7f0254dd3000 r--p 0000a000 08:04 791242                     /lib/x86_64-linux-gnu/libnss_nis-2.27.so
7f0254dd3000-7f0254dd4000 rw-p 0000b000 08:04 791242                     /lib/x86_64-linux-gnu/libnss_nis-2.27.so
7f0254dd4000-7f0254ddc000 r-xp 00000000 08:04 791227                     /lib/x86_64-linux-gnu/libnss_compat-2.27.so
7f0254ddc000-7f0254fdc000 ---p 00008000 08:04 791227                     /lib/x86_64-linux-gnu/libnss_compat-2.27.so
7f0254fdc000-7f0254fdd000 r--p 00008000 08:04 791227                     /lib/x86_64-linux-gnu/libnss_compat-2.27.so
7f0254fdd000-7f0254fde000 rw-p 00009000 08:04 791227                     /lib/x86_64-linux-gnu/libnss_compat-2.27.so
7f0254fde000-7f025500c000 r-xp 00000000 08:04 139226                     /usr/lib/jvm/java-8-openjdk-amd64/jre/lib/amd64/libjava.so
7f025500c000-7f025520b000 ---p 0002e000 08:04 139226                     /usr/lib/jvm/java-8-openjdk-amd64/jre/lib/amd64/libjava.so
7f025520b000-7f025520c000 r--p 0002d000 08:04 139226                     /usr/lib/jvm/java-8-openjdk-amd64/jre/lib/amd64/libjava.so
7f025520c000-7f025520e000 rw-p 0002e000 08:04 139226                     /usr/lib/jvm/java-8-openjdk-amd64/jre/lib/amd64/libjava.so
7f025520e000-7f025521e000 r-xp 00000000 08:04 139244                     /usr/lib/jvm/java-8-openjdk-amd64/jre/lib/amd64/libverify.so
7f025521e000-7f025541d000 ---p 00010000 08:04 139244                     /usr/lib/jvm/java-8-openjdk-amd64/jre/lib/amd64/libverify.so
7f025541d000-7f025541f000 r--p 0000f000 08:04 139244                     /usr/lib/jvm/java-8-openjdk-amd64/jre/lib/amd64/libverify.so
7f025541f000-7f0255420000 rw-p 00011000 08:04 139244                     /usr/lib/jvm/java-8-openjdk-amd64/jre/lib/amd64/libverify.so
7f0255420000-7f0255427000 r-xp 00000000 08:04 791282                     /lib/x86_64-linux-gnu/librt-2.27.so
7f0255427000-7f0255626000 ---p 00007000 08:04 791282                     /lib/x86_64-linux-gnu/librt-2.27.so
7f0255626000-7f0255627000 r--p 00006000 08:04 791282                     /lib/x86_64-linux-gnu/librt-2.27.so
7f0255627000-7f0255628000 rw-p 00007000 08:04 791282                     /lib/x86_64-linux-gnu/librt-2.27.so
7f0255628000-7f025563f000 r-xp 00000000 08:04 786478                     /lib/x86_64-linux-gnu/libgcc_s.so.1
7f025563f000-7f025583e000 ---p 00017000 08:04 786478                     /lib/x86_64-linux-gnu/libgcc_s.so.1
7f025583e000-7f025583f000 r--p 00016000 08:04 786478                     /lib/x86_64-linux-gnu/libgcc_s.so.1
7f025583f000-7f0255840000 rw-p 00017000 08:04 786478                     /lib/x86_64-linux-gnu/libgcc_s.so.1
7f0255840000-7f02559dd000 r-xp 00000000 08:04 791204                     /lib/x86_64-linux-gnu/libm-2.27.so
7f02559dd000-7f0255bdc000 ---p 0019d000 08:04 791204                     /lib/x86_64-linux-gnu/libm-2.27.so
7f0255bdc000-7f0255bdd000 r--p 0019c000 08:04 791204                     /lib/x86_64-linux-gnu/libm-2.27.so
7f0255bdd000-7f0255bde000 rw-p 0019d000 08:04 791204                     /lib/x86_64-linux-gnu/libm-2.27.so
7f0255bde000-7f0255d57000 r-xp 00000000 08:04 262621                     /usr/lib/x86_64-linux-gnu/libstdc++.so.6.0.25
7f0255d57000-7f0255f57000 ---p 00179000 08:04 262621                     /usr/lib/x86_64-linux-gnu/libstdc++.so.6.0.25
7f0255f57000-7f0255f61000 r--p 00179000 08:04 262621                     /usr/lib/x86_64-linux-gnu/libstdc++.so.6.0.25
7f0255f61000-7f0255f63000 rw-p 00183000 08:04 262621                     /usr/lib/x86_64-linux-gnu/libstdc++.so.6.0.25
7f0255f63000-7f0255f67000 rw-p 00000000 00:00 0 
7f0255f67000-7f0256c01000 r-xp 00000000 08:04 139248                     /usr/lib/jvm/java-8-openjdk-amd64/jre/lib/amd64/server/libjvm.so
7f0256c01000-7f0256e00000 ---p 00c9a000 08:04 139248                     /usr/lib/jvm/java-8-openjdk-amd64/jre/lib/amd64/server/libjvm.so
7f0256e00000-7f0256e94000 r--p 00c99000 08:04 139248                     /usr/lib/jvm/java-8-openjdk-amd64/jre/lib/amd64/server/libjvm.so
7f0256e94000-7f0256ebd000 rw-p 00d2d000 08:04 139248                     /usr/lib/jvm/java-8-openjdk-amd64/jre/lib/amd64/server/libjvm.so
7f0256ebd000-7f0256eed000 rw-p 00000000 00:00 0 
7f0256eed000-7f0256f07000 r-xp 00000000 08:04 791274                     /lib/x86_64-linux-gnu/libpthread-2.27.so
7f0256f07000-7f0257106000 ---p 0001a000 08:04 791274                     /lib/x86_64-linux-gnu/libpthread-2.27.so
7f0257106000-7f0257107000 r--p 00019000 08:04 791274                     /lib/x86_64-linux-gnu/libpthread-2.27.so
7f0257107000-7f0257108000 rw-p 0001a000 08:04 791274                     /lib/x86_64-linux-gnu/libpthread-2.27.so
7f0257108000-7f025710c000 rw-p 00000000 00:00 0 
7f025710c000-7f025710f000 r-xp 00000000 08:04 791164                     /lib/x86_64-linux-gnu/libdl-2.27.so
7f025710f000-7f025730e000 ---p 00003000 08:04 791164                     /lib/x86_64-linux-gnu/libdl-2.27.so
7f025730e000-7f025730f000 r--p 00002000 08:04 791164                     /lib/x86_64-linux-gnu/libdl-2.27.so
7f025730f000-7f0257310000 rw-p 00003000 08:04 791164                     /lib/x86_64-linux-gnu/libdl-2.27.so
7f0257310000-7f025732c000 r-xp 00000000 08:04 791313                     /lib/x86_64-linux-gnu/libz.so.1.2.11
7f025732c000-7f025752b000 ---p 0001c000 08:04 791313                     /lib/x86_64-linux-gnu/libz.so.1.2.11
7f025752b000-7f025752c000 r--p 0001b000 08:04 791313                     /lib/x86_64-linux-gnu/libz.so.1.2.11
7f025752c000-7f025752d000 rw-p 0001c000 08:04 791313                     /lib/x86_64-linux-gnu/libz.so.1.2.11
7f025752d000-7f0257714000 r-xp 00000000 08:04 791141                     /lib/x86_64-linux-gnu/libc-2.27.so
7f0257714000-7f0257914000 ---p 001e7000 08:04 791141                     /lib/x86_64-linux-gnu/libc-2.27.so
7f0257914000-7f0257918000 r--p 001e7000 08:04 791141                     /lib/x86_64-linux-gnu/libc-2.27.so
7f0257918000-7f025791a000 rw-p 001eb000 08:04 791141                     /lib/x86_64-linux-gnu/libc-2.27.so
7f025791a000-7f025791e000 rw-p 00000000 00:00 0 
7f025791e000-7f025792c000 r-xp 00000000 08:04 139212                     /usr/lib/jvm/java-8-openjdk-amd64/jre/lib/amd64/jli/libjli.so
7f025792c000-7f0257b2b000 ---p 0000e000 08:04 139212                     /usr/lib/jvm/java-8-openjdk-amd64/jre/lib/amd64/jli/libjli.so
7f0257b2b000-7f0257b2c000 r--p 0000d000 08:04 139212                     /usr/lib/jvm/java-8-openjdk-amd64/jre/lib/amd64/jli/libjli.so
7f0257b2c000-7f0257b2d000 rw-p 0000e000 08:04 139212                     /usr/lib/jvm/java-8-openjdk-amd64/jre/lib/amd64/jli/libjli.so
7f0257b2d000-7f0257b54000 r-xp 00000000 08:04 791113                     /lib/x86_64-linux-gnu/ld-2.27.so
7f0257b54000-7f0257b56000 r--s 00008000 08:04 139265                     /usr/lib/jvm/java-8-openjdk-amd64/jre/lib/ext/sunec.jar
7f0257b56000-7f0257b58000 r--s 00001000 08:04 139260                     /usr/lib/jvm/java-8-openjdk-amd64/jre/lib/ext/dnsns.jar
7f0257b58000-7f0257c3c000 rw-p 00000000 00:00 0 
7f0257c3c000-7f0257c3d000 ---p 00000000 00:00 0 
7f0257c3d000-7f0257c40000 ---p 00000000 00:00 0 
7f0257c40000-7f0257d3f000 rw-p 00000000 00:00 0 
7f0257d3f000-7f0257d40000 r--s 00004000 08:05 1312158                    /home/vitsieunhan98/eclipse-workspace/OOP_20181/OOP/lib/rdf4j-repository-contextaware-2.2.2.jar
7f0257d40000-7f0257d41000 r--s 00010000 08:04 139268                     /usr/lib/jvm/java-8-openjdk-amd64/jre/lib/ext/zipfs.jar
7f0257d41000-7f0257d47000 r--s 0003b000 08:04 139266                     /usr/lib/jvm/java-8-openjdk-amd64/jre/lib/ext/sunjce_provider.jar
7f0257d47000-7f0257d48000 r--s 0000a000 08:04 139262                     /usr/lib/jvm/java-8-openjdk-amd64/jre/lib/ext/jaccess.jar
7f0257d48000-7f0257d50000 rw-s 00000000 08:04 6448                       /tmp/hsperfdata_vitsieunhan98/4049
7f0257d50000-7f0257d51000 rw-p 00000000 00:00 0 
7f0257d51000-7f0257d52000 ---p 00000000 00:00 0 
7f0257d52000-7f0257d54000 rw-p 00000000 00:00 0 
7f0257d54000-7f0257d55000 r--p 00027000 08:04 791113                     /lib/x86_64-linux-gnu/ld-2.27.so
7f0257d55000-7f0257d56000 rw-p 00028000 08:04 791113                     /lib/x86_64-linux-gnu/ld-2.27.so
7f0257d56000-7f0257d57000 rw-p 00000000 00:00 0 
7ffc5f9fa000-7ffc5fa1d000 rw-p 00000000 00:00 0                          [stack]
7ffc5fb29000-7ffc5fb2c000 r--p 00000000 00:00 0                          [vvar]
7ffc5fb2c000-7ffc5fb2e000 r-xp 00000000 00:00 0                          [vdso]
ffffffffff600000-ffffffffff601000 r-xp 00000000 00:00 0                  [vsyscall]

VM Arguments:
jvm_args: -Dfile.encoding=UTF-8 
java_command: com.ag.app.Application
java_class_path (initial): /home/vitsieunhan98/eclipse-workspace/OOP_20181/OOP/target/classes:/home/vitsieunhan98/eclipse-workspace/OOP_20181/OOP/lib/agraph-java-client-2.2.1.jar:/home/vitsieunhan98/.m2/repository/org/eclipse/rdf4j/rdf4j-rio-api/2.2.2/rdf4j-rio-api-2.2.2.jar:/home/vitsieunhan98/.m2/repository/org/eclipse/rdf4j/rdf4j-rio-turtle/2.2.2/rdf4j-rio-turtle-2.2.2.jar:/home/vitsieunhan98/.m2/repository/org/eclipse/rdf4j/rdf4j-rio-trig/2.2.2/rdf4j-rio-trig-2.2.2.jar:/home/vitsieunhan98/.m2/repository/org/eclipse/rdf4j/rdf4j-query/2.2.2/rdf4j-query-2.2.2.jar:/home/vitsieunhan98/.m2/repository/org/eclipse/rdf4j/rdf4j-queryresultio-api/2.2.2/rdf4j-queryresultio-api-2.2.2.jar:/home/vitsieunhan98/.m2/repository/org/eclipse/rdf4j/rdf4j-queryresultio-sparqlxml/2.2.2/rdf4j-queryresultio-sparqlxml-2.2.2.jar:/home/vitsieunhan98/.m2/repository/org/eclipse/rdf4j/rdf4j-queryparser-api/2.2.2/rdf4j-queryparser-api-2.2.2.jar:/home/vitsieunhan98/.m2/repository/org/eclipse/rdf4j/rdf4j-queryalgebra-model/2.2.2/rdf4j-queryalgebra-model-2.2.2.jar:/home/vitsieunhan98/.m2/repository/org/eclipse/rdf4j/rdf4j-queryparser-sparql/2.2.2/rdf4j-queryparser-sparql-2.2.2.jar:/home/vitsieunhan98/.m2/repository/org/eclipse/rdf4j/rdf4j-repository-api/2.2.2/rdf4j-repository-api-2.2.2.jar:/home/vitsieunhan98/.m2/repository/org/eclipse/rdf4j/rdf4j-repository-dataset/2.2.2/rdf4j-repository-dataset-2.2.2.jar:/home/vitsieunhan98/.m2/repository/org/eclipse/rdf4j/rdf4j-repository-contextaware/2.2.2/rdf4j-repository-contextaware-2.2.2.jar:/home/vitsieunhan98/.m2/repository/org/eclipse/rdf4j/rdf4j-repository-sail/2.2.2/rdf4j-repository-sail-2.2.2.jar:/home/vitsieunhan98/.m2/repository/org/eclipse/rdf4j/rdf4j-queryalgebra-evaluation/2.2.2/rdf4j-queryalgebra-evaluation-2.2.2.jar:/home/vitsieunhan98/.m2/repository/org/mapdb/mapdb/1.0.8/mapdb-1.0.8.jar:/home/vitsieunhan98/.m2/repository/org/eclipse/rdf4j/rdf4j-sail-api/2.2.2/rdf4j-sail-api-2.2.2.jar:/home/vitsieunhan98/.m2/repository/org/eclipse/rdf4j/rdf4
Launcher Type: SUN_STANDARD

Environment Variables:
PATH=/usr/local/sbin:/usr/local/bin:/usr/sbin:/usr/bin:/sbin:/bin:/usr/games:/usr/local/games:/snap/bin
USERNAME=vitsieunhan98
SHELL=/bin/bash
DISPLAY=:0

Signal Handlers:
SIGSEGV: [libjvm.so+0xab2e60], sa_mask[0]=11111111011111111101111111111110, sa_flags=SA_RESTART|SA_SIGINFO
SIGBUS: [libjvm.so+0xab2e60], sa_mask[0]=11111111011111111101111111111110, sa_flags=SA_RESTART|SA_SIGINFO
SIGFPE: [libjvm.so+0x8e8860], sa_mask[0]=11111111011111111101111111111110, sa_flags=SA_RESTART|SA_SIGINFO
SIGPIPE: [libjvm.so+0x8e8860], sa_mask[0]=11111111011111111101111111111110, sa_flags=SA_RESTART|SA_SIGINFO
SIGXFSZ: [libjvm.so+0x8e8860], sa_mask[0]=11111111011111111101111111111110, sa_flags=SA_RESTART|SA_SIGINFO
SIGILL: [libjvm.so+0x8e8860], sa_mask[0]=11111111011111111101111111111110, sa_flags=SA_RESTART|SA_SIGINFO
SIGUSR1: SIG_DFL, sa_mask[0]=00000000000000000000000000000000, sa_flags=none
SIGUSR2: [libjvm.so+0x8e8710], sa_mask[0]=00100000000000000000000000000000, sa_flags=SA_RESTART|SA_SIGINFO
SIGHUP: [libjvm.so+0x8e8d80], sa_mask[0]=11111111011111111101111111111110, sa_flags=SA_RESTART|SA_SIGINFO
SIGINT: [libjvm.so+0x8e8d80], sa_mask[0]=11111111011111111101111111111110, sa_flags=SA_RESTART|SA_SIGINFO
SIGTERM: [libjvm.so+0x8e8d80], sa_mask[0]=11111111011111111101111111111110, sa_flags=SA_RESTART|SA_SIGINFO
SIGQUIT: [libjvm.so+0x8e8d80], sa_mask[0]=11111111011111111101111111111110, sa_flags=SA_RESTART|SA_SIGINFO


---------------  S Y S T E M  ---------------

OS:DISTRIB_ID=Ubuntu
DISTRIB_RELEASE=18.04
DISTRIB_CODENAME=bionic
DISTRIB_DESCRIPTION="Ubuntu 18.04.1 LTS"

uname:Linux 4.15.0-42-generic #45-Ubuntu SMP Thu Nov 15 19:32:57 UTC 2018 x86_64
libc:glibc 2.27 NPTL 2.27 
rlimit: STACK 8192k, CORE 0k, NPROC 14523, NOFILE 4096, AS infinity
load average:2,23 2,07 1,67

/proc/meminfo:
MemTotal:        3902336 kB
MemFree:          114880 kB
MemAvailable:      40792 kB
Buffers:             944 kB
Cached:           578368 kB
SwapCached:         6116 kB
Active:          2921368 kB
Inactive:         607464 kB
Active(anon):    2900340 kB
Inactive(anon):   569404 kB
Active(file):      21028 kB
Inactive(file):    38060 kB
Unevictable:          48 kB
Mlocked:              48 kB
SwapTotal:        678144 kB
SwapFree:              0 kB
Dirty:               320 kB
Writeback:             0 kB
AnonPages:       2943560 kB
Mapped:           489436 kB
Shmem:            520136 kB
Slab:              93416 kB
SReclaimable:      36820 kB
SUnreclaim:        56596 kB
KernelStack:       13072 kB
PageTables:        70440 kB
NFS_Unstable:          0 kB
Bounce:                0 kB
WritebackTmp:          0 kB
CommitLimit:     2629312 kB
Committed_AS:   10999824 kB
VmallocTotal:   34359738367 kB
VmallocUsed:           0 kB
VmallocChunk:          0 kB
HardwareCorrupted:     0 kB
AnonHugePages:         0 kB
ShmemHugePages:        0 kB
ShmemPmdMapped:        0 kB
CmaTotal:              0 kB
CmaFree:               0 kB
HugePages_Total:       0
HugePages_Free:        0
HugePages_Rsvd:        0
HugePages_Surp:        0
Hugepagesize:       2048 kB
DirectMap4k:      192864 kB
DirectMap2M:     3864576 kB
DirectMap1G:     1048576 kB

container (cgroup) information:
container_type: cgroupv1
cpu_cpuset_cpus: 0-3
cpu_memory_nodes: 0
active_processor_count: 4
cpu_quota: -1
cpu_period: 100000
cpu_shares: -1
memory_limit_in_bytes: -1
memory_and_swap_limit_in_bytes: -2
memory_soft_limit_in_bytes: -1
memory_usage_in_bytes: 3609169920
memory_max_usage_in_bytes: 0


CPU:total 4 (initial active 4) (2 cores per cpu, 2 threads per core) family 6 model 142 stepping 9, cmov, cx8, fxsr, mmx, sse, sse2, sse3, ssse3, sse4.1, sse4.2, popcnt, avx, avx2, aes, clmul, erms, 3dnowpref, lzcnt, ht, tsc, tscinvbit, bmi1, bmi2, adx

/proc/cpuinfo:
processor	: 0
vendor_id	: GenuineIntel
cpu family	: 6
model		: 142
model name	: Intel(R) Core(TM) i7-7500U CPU @ 2.70GHz
stepping	: 9
microcode	: 0x8e
cpu MHz		: 900.061
cache size	: 4096 KB
physical id	: 0
siblings	: 4
core id		: 0
cpu cores	: 2
apicid		: 0
initial apicid	: 0
fpu		: yes
fpu_exception	: yes
cpuid level	: 22
wp		: yes
flags		: fpu vme de pse tsc msr pae mce cx8 apic sep mtrr pge mca cmov pat pse36 clflush dts acpi mmx fxsr sse sse2 ss ht tm pbe syscall nx pdpe1gb rdtscp lm constant_tsc art arch_perfmon pebs bts rep_good nopl xtopology nonstop_tsc cpuid aperfmperf tsc_known_freq pni pclmulqdq dtes64 monitor ds_cpl vmx est tm2 ssse3 sdbg fma cx16 xtpr pdcm pcid sse4_1 sse4_2 x2apic movbe popcnt tsc_deadline_timer aes xsave avx f16c rdrand lahf_lm abm 3dnowprefetch cpuid_fault epb invpcid_single pti ssbd ibrs ibpb stibp tpr_shadow vnmi flexpriority ept vpid fsgsbase tsc_adjust bmi1 avx2 smep bmi2 erms invpcid mpx rdseed adx smap clflushopt intel_pt xsaveopt xsavec xgetbv1 xsaves dtherm ida arat pln pts hwp hwp_notify hwp_act_window hwp_epp flush_l1d
bugs		: cpu_meltdown spectre_v1 spectre_v2 spec_store_bypass l1tf
bogomips	: 5808.00
clflush size	: 64
cache_alignment	: 64
address sizes	: 39 bits physical, 48 bits virtual
power management:

processor	: 1
vendor_id	: GenuineIntel
cpu family	: 6
model		: 142
model name	: Intel(R) Core(TM) i7-7500U CPU @ 2.70GHz
stepping	: 9
microcode	: 0x8e
cpu MHz		: 900.178
cache size	: 4096 KB
physical id	: 0
siblings	: 4
core id		: 1
cpu cores	: 2
apicid		: 2
initial apicid	: 2
fpu		: yes
fpu_exception	: yes
cpuid level	: 22
wp		: yes
flags		: fpu vme de pse tsc msr pae mce cx8 apic sep mtrr pge mca cmov pat pse36 clflush dts acpi mmx fxsr sse sse2 ss ht tm pbe syscall nx pdpe1gb rdtscp lm constant_tsc art arch_perfmon pebs bts rep_good nopl xtopology nonstop_tsc cpuid aperfmperf tsc_known_freq pni pclmulqdq dtes64 monitor ds_cpl vmx est tm2 ssse3 sdbg fma cx16 xtpr pdcm pcid sse4_1 sse4_2 x2apic movbe popcnt tsc_deadline_timer aes xsave avx f16c rdrand lahf_lm abm 3dnowprefetch cpuid_fault epb invpcid_single pti ssbd ibrs ibpb stibp tpr_shadow vnmi flexpriority ept vpid fsgsbase tsc_adjust bmi1 avx2 smep bmi2 erms invpcid mpx rdseed adx smap clflushopt intel_pt xsaveopt xsavec xgetbv1 xsaves dtherm ida arat pln pts hwp hwp_notify hwp_act_window hwp_epp flush_l1d
bugs		: cpu_meltdown spectre_v1 spectre_v2 spec_store_bypass l1tf
bogomips	: 5808.00
clflush size	: 64
cache_alignment	: 64
address sizes	: 39 bits physical, 48 bits virtual
power management:

processor	: 2
vendor_id	: GenuineIntel
cpu family	: 6
model		: 142
model name	: Intel(R) Core(TM) i7-7500U CPU @ 2.70GHz
stepping	: 9
microcode	: 0x8e
cpu MHz		: 900.101
cache size	: 4096 KB
physical id	: 0
siblings	: 4
core id		: 0
cpu cores	: 2
apicid		: 1
initial apicid	: 1
fpu		: yes
fpu_exception	: yes
cpuid level	: 22
wp		: yes
flags		: fpu vme de pse tsc msr pae mce cx8 apic sep mtrr pge mca cmov pat pse36 clflush dts acpi mmx fxsr sse sse2 ss ht tm pbe syscall nx pdpe1gb rdtscp lm constant_tsc art arch_perfmon pebs bts rep_good nopl xtopology nonstop_tsc cpuid aperfmperf tsc_known_freq pni pclmulqdq dtes64 monitor ds_cpl vmx est tm2 ssse3 sdbg fma cx16 xtpr pdcm pcid sse4_1 sse4_2 x2apic movbe popcnt tsc_deadline_timer aes xsave avx f16c rdrand lahf_lm abm 3dnowprefetch cpuid_fault epb invpcid_single pti ssbd ibrs ibpb stibp tpr_shadow vnmi flexpriority ept vpid fsgsbase tsc_adjust bmi1 avx2 smep bmi2 erms invpcid mpx rdseed adx smap clflushopt intel_pt xsaveopt xsavec xgetbv1 xsaves dtherm ida arat pln pts hwp hwp_notify hwp_act_window hwp_epp flush_l1d
bugs		: cpu_meltdown spectre_v1 spectre_v2 spec_store_bypass l1tf
bogomips	: 5808.00
clflush size	: 64
cache_alignment	: 64
address sizes	: 39 bits physical, 48 bits virtual
power management:

processor	: 3
vendor_id	: GenuineIntel
cpu family	: 6
model		: 142
model name	: Intel(R) Core(TM) i7-7500U CPU @ 2.70GHz
stepping	: 9
microcode	: 0x8e
cpu MHz		: 814.970
cache size	: 4096 KB
physical id	: 0
siblings	: 4
core id		: 1
cpu cores	: 2
apicid		: 3
initial apicid	: 3
fpu		: yes
fpu_exception	: yes
cpuid level	: 22
wp		: yes
flags		: fpu vme de pse tsc msr pae mce cx8 apic sep mtrr pge mca cmov pat pse36 clflush dts acpi mmx fxsr sse sse2 ss ht tm pbe syscall nx pdpe1gb rdtscp lm constant_tsc art arch_perfmon pebs bts rep_good nopl xtopology nonstop_tsc cpuid aperfmperf tsc_known_freq pni pclmulqdq dtes64 monitor ds_cpl vmx est tm2 ssse3 sdbg fma cx16 xtpr pdcm pcid sse4_1 sse4_2 x2apic movbe popcnt tsc_deadline_timer aes xsave avx f16c rdrand lahf_lm abm 3dnowprefetch cpuid_fault epb invpcid_single pti ssbd ibrs ibpb stibp tpr_shadow vnmi flexpriority ept vpid fsgsbase tsc_adjust bmi1 avx2 smep bmi2 erms invpcid mpx rdseed adx smap clflushopt intel_pt xsaveopt xsavec xgetbv1 xsaves dtherm ida arat pln pts hwp hwp_notify hwp_act_window hwp_epp flush_l1d
bugs		: cpu_meltdown spectre_v1 spectre_v2 spec_store_bypass l1tf
bogomips	: 5808.00
clflush size	: 64
cache_alignment	: 64
address sizes	: 39 bits physical, 48 bits virtual
power management:



Memory: 4k page, physical 3902336k(114508k free), swap 678144k(0k free)

vm_info: OpenJDK 64-Bit Server VM (25.191-b12) for linux-amd64 JRE (1.8.0_191-8u191-b12-0ubuntu0.18.04.1-b12), built on Nov 20 2018 01:07:58 by "buildd" with gcc 7.3.0

time: Mon Dec 10 13:39:29 2018
elapsed time: 631 seconds (0d 0h 10m 31s)

